app/build/outputs/mapping/release/seeds.txt
com.financemanager.app.databinding.ItemFaqBinding
com.financemanager.app.presentation.goals.GoalsFragment$showContributionDialog$1
com.financemanager.app.data.repository.TransactionRepositoryImpl$deleteTransaction$2$1
com.financemanager.app.presentation.goals.GoalEvent
com.financemanager.app.data.local.dao.BankAccountDao_Impl$6
com.financemanager.app.presentation.recurring.RecurringTransactionEvent$TransactionDeleted
com.financemanager.app.data.repository.SavingsGoalRepositoryImpl$getGoalsByCategory$$inlined$map$1$2$1
com.financemanager.app.presentation.budget.BudgetFragment$setupRecyclerView$1
com.financemanager.app.presentation.calendar.CalendarEvent$NextMonth
com.financemanager.app.presentation.auth.BankSetupFragment$observeUiState$1$1
com.financemanager.app.data.local.dao.UserSettingsDao_Impl$13
com.financemanager.app.presentation.auth.PinSetupUiState
com.financemanager.app.domain.model.DateRange$Companion
com.financemanager.app.presentation.insights.InsightViewModel$loadSpendingPatterns$1
com.financemanager.app.presentation.goals.GoalEvent$LoadGoals
com.financemanager.app.data.repository.SavingsGoalRepositoryImpl$getTotalTargetAmount$1
com.financemanager.app.data.local.dao.UserSettingsDao_Impl$6
com.financemanager.app.util.ThemeManager
com.financemanager.app.presentation.transaction.AddEditTransactionDialog$processReceiptWithOcr$1
com.financemanager.app.presentation.calendar.CalendarFragment$setupRecyclerView$1
com.financemanager.app.data.repository.RecurringTransactionRepositoryImpl$addRecurringTransaction$2
com.financemanager.app.presentation.auth.PinVerifyFragment$special$$inlined$viewModels$default$2
com.financemanager.app.presentation.calendar.CalendarEvent$LoadCalendar
com.financemanager.app.presentation.settings.SettingsEvent$UpdateCurrency
com.financemanager.app.presentation.recurring.RecurringTransactionFragment$observeUiState$1$1$1$1
com.financemanager.app.data.local.dao.BankAccountDao_Impl$3
com.financemanager.app.data.repository.RecurringTransactionRepositoryImpl
com.financemanager.app.data.repository.UserRepositoryImpl$hasAnyUser$2
com.financemanager.app.presentation.profile.ProfileFragment$observeUiState$1
com.financemanager.app.presentation.auth.Hilt_RegisterFragment
com.financemanager.app.domain.model.FileFormat$WhenMappings
com.financemanager.app.presentation.auth.PinVerifyViewModel_HiltModules_KeyModule_ProvideFactory$InstanceHolder
com.financemanager.app.data.local.dao.TransactionDao_Impl$1
com.financemanager.app.presentation.transaction.TransactionViewModel$loadTransactions$2
com.financemanager.app.data.repository.TransactionRepositoryImpl$getMonthlyExpenses$2
com.financemanager.app.data.local.dao.BudgetDao_Impl$18
com.financemanager.app.presentation.dashboard.DashboardFragment$special$$inlined$viewModels$default$7
com.financemanager.app.presentation.budget.BudgetFragment$setupRecyclerView$2
com.financemanager.app.data.local.entities.BankAccountEntity
com.financemanager.app.data.local.dao.BudgetDao
com.financemanager.app.presentation.goals.GoalsViewModel$deleteGoal$1
com.financemanager.app.presentation.profile.ProfileViewModel_HiltModules
com.financemanager.app.FinanceManagerApp_HiltComponents$ViewModelC
com.financemanager.app.data.repository.SplitBillRepositoryImpl
com.financemanager.app.FinanceManagerApp_HiltComponents$ViewModelCBuilderModule
com.financemanager.app.data.repository.SavingsGoalRepositoryImpl$getGoalsByStatus$$inlined$map$1
com.financemanager.app.domain.usecase.transaction.SearchTransactionsUseCase$invoke$lambda$21$$inlined$sortedBy$1
com.financemanager.app.R$layout
com.financemanager.app.presentation.recurring.RecurringTransactionFragment$special$$inlined$viewModels$default$1
com.financemanager.app.presentation.calendar.CalendarViewModel$selectDate$1
com.financemanager.app.presentation.auth.PinResetViewModel_HiltModules_KeyModule_ProvideFactory$InstanceHolder
com.financemanager.app.domain.usecase.transaction.AddTransactionUseCase
...
androidx.appcompat.widget.ActionBarContainer: void setTabContainer(androidx.appcompat.widget.ScrollingTabContainerView)
com.github.mikephil.charting.charts.BarLineChartBase: void setDoubleTapToZoomEnabled(boolean)
androidx.swiperefreshlayout.widget.SwipeRefreshLayout: void setSize(int)
com.google.android.libraries.vision.visionkit.pipeline.AndroidAssetUtil: boolean nativeInitializeAssetManager(android.content.Context,java.lang.String)
androidx.appcompat.widget.Toolbar: void setNavigationOnClickListener(android.view.View$OnClickListener)
androidx.appcompat.widget.AppCompatTextHelper$Api26Impl: boolean setFontVariationSettings(android.widget.TextView,java.lang.String)
com.google.android.material.button.MaterialButtonToggleGroup: MaterialButtonToggleGroup(android.content.Context,android.util.AttributeSet)
androidx.recyclerview.widget.RecyclerView$Adapter: void setHasStableIds(boolean)
com.google.android.material.internal.NavigationMenuItemView: void setIconPadding(int)
net.sqlcipher.database.SQLiteCursor: boolean supportsUpdates()
com.google.android.material.floatingactionbutton.FloatingActionButton: int getRippleColor()
dagger.hilt.android.internal.managers.ViewComponentManager: ViewComponentManager(android.view.View,boolean)
androidx.core.graphics.drawable.DrawableCompat$Api19Impl: android.graphics.drawable.Drawable getDrawable(android.graphics.drawable.InsetDrawable)
androidx.appcompat.widget.LinearLayoutCompat: void setMeasureWithLargestChildEnabled(boolean)
androidx.core.view.WindowInsetsCompat$Impl30: WindowInsetsCompat$Impl30(androidx.core.view.WindowInsetsCompat,android.view.WindowInsets)
net.sqlcipher.R$string: R$string()
androidx.core.widget.EdgeEffectCompat$Api31Impl: float onPullDistance(android.widget.EdgeEffect,float,float)
com.google.android.material.floatingactionbutton.FloatingActionButton: void setTranslationY(float)
com.github.mikephil.charting.charts.Chart: void setDrawMarkers(boolean)
androidx.appcompat.widget.AppCompatMultiAutoCompleteTextView: void setSupportCompoundDrawablesTintList(android.content.res.ColorStateList)
net.sqlcipher.AbstractCursor: boolean updateBlob(int,byte[])
androidx.work.ListenableWorker: android.net.Network getNetwork()
com.github.mikephil.charting.components.YAxis$YAxisLabelPosition: com.github.mikephil.charting.components.YAxis$YAxisLabelPosition valueOf(java.lang.String)
com.google.android.material.internal.ForegroundLinearLayout: void setForegroundGravity(int)
net.sqlcipher.DatabaseUtils: java.lang.String dumpCursorToString(android.database.Cursor)
com.google.android.material.textfield.TextInputLayout: java.lang.CharSequence getSuffixText()
com.google.android.material.slider.Slider: int getTrackSidePadding()
com.google.android.material.checkbox.MaterialCheckBox: void setUseMaterialThemeColors(boolean)
androidx.core.app.NotificationCompatBuilder$Api19Impl: android.app.Notification$Builder setExtras(android.app.Notification$Builder,android.os.Bundle)
androidx.room.RoomDatabase: androidx.room.InvalidationTracker getInvalidationTracker()
androidx.appcompat.widget.ActionBarOverlayLayout: java.lang.CharSequence getTitle()
at.favre.lib.crypto.bcrypt.BCrypt$Hasher: at.favre.lib.crypto.bcrypt.BCrypt$HashData hashRaw(int,byte[],byte[])
com.google.android.material.floatingactionbutton.FloatingActionButton: void setExpandedComponentIdHint(int)
androidx.appcompat.widget.SwitchCompat: android.view.ActionMode$Callback getCustomSelectionActionModeCallback()
androidx.lifecycle.ProcessLifecycleOwner$attach$1: void onActivityPreCreated(android.app.Activity,android.os.Bundle)
com.google.android.material.textfield.MaterialAutoCompleteTextView: void setSimpleItemSelectedRippleColor(android.content.res.ColorStateList)
androidx.appcompat.widget.AppCompatSpinner: void setDropDownHorizontalOffset(int)
androidx.appcompat.widget.SwitchCompat: void setChecked(boolean)
com.github.mikephil.charting.charts.PieChart: void setEntryLabelColor(int)