app/build/outputs/mapping/release/usage.txt
com.financemanager.app.DaggerFinanceManagerApp_HiltComponents_SingletonC$ActivityCBuilder-IA
com.financemanager.app.DaggerFinanceManagerApp_HiltComponents_SingletonC$ActivityCImpl-IA
com.financemanager.app.DaggerFinanceManagerApp_HiltComponents_SingletonC$ActivityRetainedCBuilder-IA
com.financemanager.app.DaggerFinanceManagerApp_HiltComponents_SingletonC$ActivityRetainedCImpl-IA
com.financemanager.app.DaggerFinanceManagerApp_HiltComponents_SingletonC$Builder-IA
com.financemanager.app.DaggerFinanceManagerApp_HiltComponents_SingletonC$FragmentCBuilder-IA
com.financemanager.app.DaggerFinanceManagerApp_HiltComponents_SingletonC$FragmentCImpl-IA
com.financemanager.app.DaggerFinanceManagerApp_HiltComponents_SingletonC$ServiceCBuilder-IA
com.financemanager.app.DaggerFinanceManagerApp_HiltComponents_SingletonC$ServiceCImpl-IA
com.financemanager.app.DaggerFinanceManagerApp_HiltComponents_SingletonC$SingletonCImpl-IA
com.financemanager.app.DaggerFinanceManagerApp_HiltComponents_SingletonC$ViewCBuilder-IA
com.financemanager.app.DaggerFinanceManagerApp_HiltComponents_SingletonC$ViewCImpl-IA
com.financemanager.app.DaggerFinanceManagerApp_HiltComponents_SingletonC$ViewModelCBuilder-IA
com.financemanager.app.DaggerFinanceManagerApp_HiltComponents_SingletonC$ViewModelCImpl-IA
com.financemanager.app.DaggerFinanceManagerApp_HiltComponents_SingletonC$ViewWithFragmentCBuilder-IA
com.financemanager.app.DaggerFinanceManagerApp_HiltComponents_SingletonC$ViewWithFragmentCImpl-IA
com.financemanager.app.data.local.dao.CategoryExpense$$InternalSyntheticBackport$1$642e063ce27162d3ed90a3557f314fb599568697b62c193419df35defb4b804d$0
com.financemanager.app.data.local.entities.BankAccountEntity$$InternalSyntheticBackport$1$0c5377dc012c99cf282c127efb3b38c4414ded2f532a7f6785ef46e49f22c1cb$0
com.financemanager.app.data.local.entities.BankAccountEntity$$InternalSyntheticBackport$1$0c5377dc012c99cf282c127efb3b38c4414ded2f532a7f6785ef46e49f22c1cb$1
com.financemanager.app.data.local.entities.BankAccountEntity$$InternalSyntheticBackport$1$0c5377dc012c99cf282c127efb3b38c4414ded2f532a7f6785ef46e49f22c1cb$2
com.financemanager.app.data.local.entities.BankAccountEntity$$InternalSyntheticBackport$1$0c5377dc012c99cf282c127efb3b38c4414ded2f532a7f6785ef46e49f22c1cb$3
com.financemanager.app.data.local.entities.BankAccountEntity$$InternalSyntheticBackport$1$0c5377dc012c99cf282c127efb3b38c4414ded2f532a7f6785ef46e49f22c1cb$4
com.financemanager.app.data.local.entities.BankAccountEntity$$InternalSyntheticBackport$1$0c5377dc012c99cf282c127efb3b38c4414ded2f532a7f6785ef46e49f22c1cb$5
com.financemanager.app.data.local.entities.BudgetEntity$$InternalSyntheticBackport$1$a0abc7123d28ef37db3e1f53f3be6ee86ab02602d1f0e6735c44c3777ee1bd2b$0
com.financemanager.app.data.local.entities.BudgetEntity$$InternalSyntheticBackport$1$a0abc7123d28ef37db3e1f53f3be6ee86ab02602d1f0e6735c44c3777ee1bd2b$1
com.financemanager.app.data.local.entities.BudgetEntity$$InternalSyntheticBackport$1$a0abc7123d28ef37db3e1f53f3be6ee86ab02602d1f0e6735c44c3777ee1bd2b$2
com.financemanager.app.data.local.entities.BudgetEntity$$InternalSyntheticBackport$1$a0abc7123d28ef37db3e1f53f3be6ee86ab02602d1f0e6735c44c3777ee1bd2b$3
com.financemanager.app.data.local.entities.BudgetEntity$$InternalSyntheticBackport$1$a0abc7123d28ef37db3e1f53f3be6ee86ab02602d1f0e6735c44c3777ee1bd2b$4
com.financemanager.app.data.local.entities.BudgetEntity$$InternalSyntheticBackport$1$a0abc7123d28ef37db3e1f53f3be6ee86ab02602d1f0e6735c44c3777ee1bd2b$5
com.financemanager.app.data.local.entities.BudgetEntity$$InternalSyntheticBackport$1$a0abc7123d28ef37db3e1f53f3be6ee86ab02602d1f0e6735c44c3777ee1bd2b$6
com.financemanager.app.data.local.entities.BudgetEntity$$InternalSyntheticBackport$1$a0abc7123d28ef37db3e1f53f3be6ee86ab02602d1f0e6735c44c3777ee1bd2b$7
com.financemanager.app.data.local.entities.BudgetEntity$$InternalSyntheticBackport$1$a0abc7123d28ef37db3e1f53f3be6ee86ab02602d1f0e6735c44c3777ee1bd2b$8
...
kotlin.LazyKt__LazyJVMKt$WhenMappings
kotlin.LazyKt__LazyJVMKt
kotlin.LazyKt__LazyKt
kotlin.LazyThreadSafetyMode:
    public static final synthetic kotlin.enums.EnumEntries $ENTRIES
    public static final enum kotlin.LazyThreadSafetyMode NONE
    public static final enum kotlin.LazyThreadSafetyMode PUBLICATION
    public static final enum kotlin.LazyThreadSafetyMode SYNCHRONIZED
kotlin.NoWhenBranchMatchedException
kotlin.Pair:
    public static java.lang.Object component1()
    public static java.lang.Object component2()
    public static java.lang.Object getFirst()
    public static java.lang.Object getSecond()
kotlin.Result$Companion
kotlin.Result:
    public static final com.google.android.gms.internal.mlkit_vision_text_common.zzrp Companion
    static void <clinit>()
kotlin.ResultKt
kotlin.SafePublicationLazyImpl$$InternalSyntheticBackportWithForwarding$1$4bb09ac4ea9ee019bdc96f1a7824fb2e5ca3ee0b09b00ed4129ec1d661f04798$0
kotlin.SafePublicationLazyImpl$Companion
kotlin.SafePublicationLazyImpl
kotlin.SynchronizedLazyImpl:
    public final boolean isInitialized()
kotlin.Triple:
    public static java.lang.Object component1()
    public static java.lang.Object component2()
    public static java.lang.Object component3()
kotlin.TuplesKt
kotlin.UnsafeLazyImpl:
    public final boolean isInitialized()
kotlin.collections.AbstractCollection$toString$1
kotlin.collections.AbstractList$Companion
kotlin.collections.AbstractList$IteratorImpl
kotlin.collections.AbstractList:
    public static final com.google.android.gms.internal.mlkit_common.zzqf Companion
    static void <clinit>()
kotlin.collections.AbstractMutableCollection
kotlin.collections.ArrayAsCollection:
    public final int getSize()
kotlin.collections.ArrayDeque$Companion
kotlin.collections.ArrayDeque:
    public static final com.google.android.gms.internal.mlkit_vision_common.zzmw Companion
    public static void copyElements()
    public final int decremented(int)
    public final java.lang.Object firstOrNull()
    public final int negativeMod(int)
    public static java.lang.Object removeFirstOrNull()
kotlin.collections.ArraysKt
kotlin.collections.ArraysKt__ArraysJVMKt
kotlin.collections.ArraysKt__ArraysKt
kotlin.collections.ArraysKt___ArraysJvmKt
kotlin.collections.ArraysKt___ArraysKt:
    public static synthetic void copyInto$default(java.lang.Object[],java.lang.Object[],int,int,int)
    public static final void fill(java.lang.Object[],int,int)
    public static java.util.ArrayList filterNotNull(java.lang.Object[])
    public static final int getLastIndex(java.lang.Object[])
    public static java.lang.Object getOrNull(int,java.lang.Object[])
    public static char single(char[])
    public static final void toCollection(java.util.LinkedHashSet,java.lang.Object[])
kotlin.collections.ArraysUtilJVM
kotlin.collections.CollectionsKt
kotlin.collections.CollectionsKt__CollectionsJVMKt
kotlin.collections.CollectionsKt__CollectionsKt
kotlin.collections.CollectionsKt__IterablesKt
kotlin.collections.CollectionsKt__IteratorsKt
kotlin.collections.CollectionsKt__MutableCollectionsKt
kotlin.collections.CollectionsKt__ReversedViewsKt:
    public static java.lang.Object removeFirst(java.util.ArrayList)
kotlin.collections.CollectionsKt___CollectionsJvmKt
kotlin.collections.CollectionsKt___CollectionsKt:
    public static kotlin.collections.CollectionsKt___CollectionsKt$asSequence$$inlined$Sequence$1 asSequence(java.lang.Iterable)
    public static java.util.List distinct(java.lang.Iterable)
    public static java.util.ArrayList plus(java.lang.Object,java.util.Collection)
kotlin.collections.EmptyIterator:
    public static java.lang.Void next()
    public static java.lang.Void previous()
kotlin.collections.EmptyList:
    public final boolean contains()
    public static java.lang.Void get()
    public final int getSize()
    public static int indexOf()
    public static int lastIndexOf()